{"/home/buddhi/projects/mystore-api/src/app.js": {"path":"/home/buddhi/projects/mystore-api/src/app.js","statementMap":{"0":{"start":{"line":1,"column":16},"end":{"line":1,"column":34}},"1":{"start":{"line":2,"column":25},"end":{"line":2,"column":71}},"2":{"start":{"line":3,"column":29},"end":{"line":3,"column":81}},"3":{"start":{"line":7,"column":4},"end":{"line":7,"column":25}},"4":{"start":{"line":8,"column":13},"end":{"line":8,"column":28}},"5":{"start":{"line":11,"column":25},"end":{"line":11,"column":63}},"6":{"start":{"line":12,"column":19},"end":{"line":12,"column":51}},"7":{"start":{"line":13,"column":23},"end":{"line":13,"column":59}},"8":{"start":{"line":14,"column":20},"end":{"line":14,"column":53}},"9":{"start":{"line":16,"column":12},"end":{"line":16,"column":21}},"10":{"start":{"line":18,"column":0},"end":{"line":18,"column":16}},"11":{"start":{"line":19,"column":0},"end":{"line":19,"column":24}},"12":{"start":{"line":20,"column":0},"end":{"line":20,"column":48}},"13":{"start":{"line":23,"column":0},"end":{"line":23,"column":29}},"14":{"start":{"line":26,"column":0},"end":{"line":30,"column":3}},"15":{"start":{"line":27,"column":2},"end":{"line":29,"column":5}},"16":{"start":{"line":33,"column":0},"end":{"line":33,"column":37}},"17":{"start":{"line":34,"column":0},"end":{"line":34,"column":36}},"18":{"start":{"line":35,"column":0},"end":{"line":35,"column":46}},"19":{"start":{"line":36,"column":0},"end":{"line":36,"column":38}},"20":{"start":{"line":39,"column":0},"end":{"line":39,"column":30}},"21":{"start":{"line":42,"column":0},"end":{"line":42,"column":26}},"22":{"start":{"line":44,"column":0},"end":{"line":44,"column":21}}},"fnMap":{"0":{"name":"(anonymous_0)","decl":{"start":{"line":26,"column":13},"end":{"line":26,"column":14}},"loc":{"start":{"line":26,"column":33},"end":{"line":30,"column":1}},"line":26}},"branchMap":{},"s":{"0":1,"1":1,"2":1,"3":1,"4":1,"5":1,"6":1,"7":1,"8":1,"9":1,"10":1,"11":1,"12":1,"13":1,"14":1,"15":1,"16":1,"17":1,"18":1,"19":1,"20":1,"21":1,"22":1},"f":{"0":1},"b":{},"_coverageSchema":"1a1c01bbd47fc00a2c39e90264f33305004495a9","hash":"5163e8dfb8b6ae8fb971f5ffadba63d7209f4ebb"}
,"/home/buddhi/projects/mystore-api/src/common/exceptions/ApiException.js": {"path":"/home/buddhi/projects/mystore-api/src/common/exceptions/ApiException.js","statementMap":{"0":{"start":{"line":8,"column":4},"end":{"line":8,"column":19}},"1":{"start":{"line":9,"column":4},"end":{"line":9,"column":27}},"2":{"start":{"line":10,"column":4},"end":{"line":10,"column":33}},"3":{"start":{"line":11,"column":4},"end":{"line":11,"column":35}},"4":{"start":{"line":12,"column":4},"end":{"line":12,"column":25}},"5":{"start":{"line":16,"column":0},"end":{"line":16,"column":30}}},"fnMap":{"0":{"name":"(anonymous_0)","decl":{"start":{"line":7,"column":2},"end":{"line":7,"column":3}},"loc":{"start":{"line":7,"column":56},"end":{"line":13,"column":3}},"line":7}},"branchMap":{},"s":{"0":22,"1":22,"2":22,"3":22,"4":22,"5":4},"f":{"0":22},"b":{},"_coverageSchema":"1a1c01bbd47fc00a2c39e90264f33305004495a9","hash":"12b8de554ede4d07bb2c823be83e216f62ad426b"}
,"/home/buddhi/projects/mystore-api/src/common/exceptions/ConflictException.js": {"path":"/home/buddhi/projects/mystore-api/src/common/exceptions/ConflictException.js","statementMap":{"0":{"start":{"line":1,"column":21},"end":{"line":1,"column":46}},"1":{"start":{"line":5,"column":4},"end":{"line":5,"column":67}},"2":{"start":{"line":9,"column":0},"end":{"line":9,"column":35}}},"fnMap":{"0":{"name":"(anonymous_0)","decl":{"start":{"line":4,"column":2},"end":{"line":4,"column":3}},"loc":{"start":{"line":4,"column":21},"end":{"line":6,"column":3}},"line":4}},"branchMap":{},"s":{"0":3,"1":6,"2":3},"f":{"0":6},"b":{},"_coverageSchema":"1a1c01bbd47fc00a2c39e90264f33305004495a9","hash":"2aa13c8c86bc7aef3497ae74ddbb2e1af02759fc"}
,"/home/buddhi/projects/mystore-api/src/common/exceptions/ForbiddenException.js": {"path":"/home/buddhi/projects/mystore-api/src/common/exceptions/ForbiddenException.js","statementMap":{"0":{"start":{"line":1,"column":21},"end":{"line":1,"column":46}},"1":{"start":{"line":5,"column":4},"end":{"line":5,"column":86}},"2":{"start":{"line":9,"column":0},"end":{"line":9,"column":36}}},"fnMap":{"0":{"name":"(anonymous_0)","decl":{"start":{"line":4,"column":2},"end":{"line":4,"column":3}},"loc":{"start":{"line":4,"column":21},"end":{"line":6,"column":3}},"line":4}},"branchMap":{},"s":{"0":2,"1":4,"2":2},"f":{"0":4},"b":{},"_coverageSchema":"1a1c01bbd47fc00a2c39e90264f33305004495a9","hash":"b84febd6d28bb281415e6f81cedab729cabdd37c"}
,"/home/buddhi/projects/mystore-api/src/common/exceptions/RouteNotFoundException.js": {"path":"/home/buddhi/projects/mystore-api/src/common/exceptions/RouteNotFoundException.js","statementMap":{"0":{"start":{"line":1,"column":21},"end":{"line":1,"column":46}},"1":{"start":{"line":7,"column":4},"end":{"line":7,"column":81}},"2":{"start":{"line":11,"column":0},"end":{"line":11,"column":40}}},"fnMap":{"0":{"name":"(anonymous_0)","decl":{"start":{"line":6,"column":2},"end":{"line":6,"column":3}},"loc":{"start":{"line":6,"column":16},"end":{"line":8,"column":3}},"line":6}},"branchMap":{},"s":{"0":1,"1":0,"2":1},"f":{"0":0},"b":{},"_coverageSchema":"1a1c01bbd47fc00a2c39e90264f33305004495a9","hash":"3a61611e5452c15a77a1c7e1ac59cf47696330ba"}
,"/home/buddhi/projects/mystore-api/src/common/exceptions/UnauthorizedException.js": {"path":"/home/buddhi/projects/mystore-api/src/common/exceptions/UnauthorizedException.js","statementMap":{"0":{"start":{"line":1,"column":21},"end":{"line":1,"column":46}},"1":{"start":{"line":5,"column":4},"end":{"line":5,"column":95}},"2":{"start":{"line":9,"column":0},"end":{"line":9,"column":39}}},"fnMap":{"0":{"name":"(anonymous_0)","decl":{"start":{"line":4,"column":2},"end":{"line":4,"column":3}},"loc":{"start":{"line":4,"column":21},"end":{"line":6,"column":3}},"line":4}},"branchMap":{},"s":{"0":3,"1":12,"2":3},"f":{"0":12},"b":{},"_coverageSchema":"1a1c01bbd47fc00a2c39e90264f33305004495a9","hash":"00fd596951f8aba754c48e4760e2d80968da84f5"}
,"/home/buddhi/projects/mystore-api/src/common/exceptions/ValidationException.js": {"path":"/home/buddhi/projects/mystore-api/src/common/exceptions/ValidationException.js","statementMap":{"0":{"start":{"line":1,"column":21},"end":{"line":1,"column":46}},"1":{"start":{"line":7,"column":4},"end":{"line":7,"column":24}},"2":{"start":{"line":8,"column":32},"end":{"line":10,"column":6}},"3":{"start":{"line":9,"column":6},"end":{"line":9,"column":25}},"4":{"start":{"line":11,"column":4},"end":{"line":11,"column":98}},"5":{"start":{"line":15,"column":0},"end":{"line":15,"column":37}}},"fnMap":{"0":{"name":"(anonymous_0)","decl":{"start":{"line":6,"column":2},"end":{"line":6,"column":3}},"loc":{"start":{"line":6,"column":22},"end":{"line":12,"column":3}},"line":6},"1":{"name":"(anonymous_1)","decl":{"start":{"line":8,"column":43},"end":{"line":8,"column":44}},"loc":{"start":{"line":8,"column":52},"end":{"line":10,"column":5}},"line":8}},"branchMap":{},"s":{"0":2,"1":0,"2":0,"3":0,"4":0,"5":2},"f":{"0":0,"1":0},"b":{},"_coverageSchema":"1a1c01bbd47fc00a2c39e90264f33305004495a9","hash":"0ebf1e1c693b8a60f3854f8b36eaf060dc5781f2"}
,"/home/buddhi/projects/mystore-api/src/common/handlers/exception.handler.js": {"path":"/home/buddhi/projects/mystore-api/src/common/handlers/exception.handler.js","statementMap":{"0":{"start":{"line":6,"column":4},"end":{"line":6,"column":24}},"1":{"start":{"line":8,"column":25},"end":{"line":32,"column":1}},"2":{"start":{"line":9,"column":2},"end":{"line":9,"column":21}},"3":{"start":{"line":10,"column":2},"end":{"line":10,"column":27}},"4":{"start":{"line":13,"column":4},"end":{"line":16,"column":42}},"5":{"start":{"line":17,"column":18},"end":{"line":17,"column":67}},"6":{"start":{"line":18,"column":22},"end":{"line":20,"column":61}},"7":{"start":{"line":21,"column":21},"end":{"line":21,"column":60}},"8":{"start":{"line":23,"column":25},"end":{"line":30,"column":3}},"9":{"start":{"line":31,"column":2},"end":{"line":31,"column":46}},"10":{"start":{"line":34,"column":0},"end":{"line":34,"column":34}}},"fnMap":{"0":{"name":"(anonymous_0)","decl":{"start":{"line":8,"column":25},"end":{"line":8,"column":26}},"loc":{"start":{"line":8,"column":52},"end":{"line":32,"column":1}},"line":8}},"branchMap":{"0":{"loc":{"start":{"line":13,"column":4},"end":{"line":16,"column":42}},"type":"binary-expr","locations":[{"start":{"line":13,"column":4},"end":{"line":13,"column":27}},{"start":{"line":14,"column":4},"end":{"line":14,"column":28}},{"start":{"line":15,"column":4},"end":{"line":15,"column":41}},{"start":{"line":16,"column":4},"end":{"line":16,"column":42}}],"line":13},"1":{"loc":{"start":{"line":17,"column":18},"end":{"line":17,"column":67}},"type":"cond-expr","locations":[{"start":{"line":17,"column":35},"end":{"line":17,"column":48}},{"start":{"line":17,"column":51},"end":{"line":17,"column":67}}],"line":17},"2":{"loc":{"start":{"line":18,"column":22},"end":{"line":20,"column":61}},"type":"cond-expr","locations":[{"start":{"line":19,"column":6},"end":{"line":19,"column":23}},{"start":{"line":20,"column":6},"end":{"line":20,"column":61}}],"line":18},"3":{"loc":{"start":{"line":21,"column":21},"end":{"line":21,"column":60}},"type":"cond-expr","locations":[{"start":{"line":21,"column":38},"end":{"line":21,"column":54}},{"start":{"line":21,"column":57},"end":{"line":21,"column":60}}],"line":21}},"s":{"0":1,"1":1,"2":0,"3":0,"4":0,"5":0,"6":0,"7":0,"8":0,"9":0,"10":1},"f":{"0":0},"b":{"0":[0,0,0,0],"1":[0,0],"2":[0,0],"3":[0,0]},"_coverageSchema":"1a1c01bbd47fc00a2c39e90264f33305004495a9","hash":"979c2bc71d829d5e0255a23a397391156dbf2d9b"}
,"/home/buddhi/projects/mystore-api/src/common/handlers/route-not-found.handler.js": {"path":"/home/buddhi/projects/mystore-api/src/common/handlers/route-not-found.handler.js","statementMap":{"0":{"start":{"line":1,"column":31},"end":{"line":1,"column":78}},"1":{"start":{"line":3,"column":29},"end":{"line":6,"column":1}},"2":{"start":{"line":4,"column":16},"end":{"line":4,"column":44}},"3":{"start":{"line":5,"column":2},"end":{"line":5,"column":14}},"4":{"start":{"line":8,"column":0},"end":{"line":8,"column":38}}},"fnMap":{"0":{"name":"(anonymous_0)","decl":{"start":{"line":3,"column":29},"end":{"line":3,"column":30}},"loc":{"start":{"line":3,"column":49},"end":{"line":6,"column":1}},"line":3}},"branchMap":{},"s":{"0":1,"1":1,"2":0,"3":0,"4":1},"f":{"0":0},"b":{},"_coverageSchema":"1a1c01bbd47fc00a2c39e90264f33305004495a9","hash":"f6201b319833758d34c950cafd9b56e7797fe977"}
,"/home/buddhi/projects/mystore-api/src/configs/index.js": {"path":"/home/buddhi/projects/mystore-api/src/configs/index.js","statementMap":{"0":{"start":{"line":1,"column":36},"end":{"line":1,"column":54}},"1":{"start":{"line":2,"column":0},"end":{"line":2,"column":27}},"2":{"start":{"line":4,"column":12},"end":{"line":14,"column":2}},"3":{"start":{"line":16,"column":0},"end":{"line":16,"column":21}}},"fnMap":{},"branchMap":{},"s":{"0":4,"1":4,"2":4,"3":4},"f":{},"b":{},"_coverageSchema":"1a1c01bbd47fc00a2c39e90264f33305004495a9","hash":"59f5aa8958714fd9b68a9326ef741772801a6d28"}
,"/home/buddhi/projects/mystore-api/src/controllers/auth/auth.controller.js": {"path":"/home/buddhi/projects/mystore-api/src/controllers/auth/auth.controller.js","statementMap":{"0":{"start":{"line":1,"column":15},"end":{"line":1,"column":32}},"1":{"start":{"line":2,"column":12},"end":{"line":2,"column":35}},"2":{"start":{"line":3,"column":12},"end":{"line":3,"column":36}},"3":{"start":{"line":4,"column":30},"end":{"line":4,"column":86}},"4":{"start":{"line":5,"column":26},"end":{"line":5,"column":78}},"5":{"start":{"line":6,"column":28},"end":{"line":6,"column":82}},"6":{"start":{"line":7,"column":23},"end":{"line":7,"column":76}},"7":{"start":{"line":10,"column":4},"end":{"line":10,"column":40}},"8":{"start":{"line":14,"column":4},"end":{"line":37,"column":6}},"9":{"start":{"line":15,"column":6},"end":{"line":36,"column":7}},"10":{"start":{"line":17,"column":8},"end":{"line":20,"column":12}},"11":{"start":{"line":18,"column":10},"end":{"line":20,"column":12}},"12":{"start":{"line":21,"column":8},"end":{"line":24,"column":12}},"13":{"start":{"line":22,"column":10},"end":{"line":24,"column":12}},"14":{"start":{"line":27,"column":19},"end":{"line":27,"column":68}},"15":{"start":{"line":29,"column":8},"end":{"line":33,"column":11}},"16":{"start":{"line":35,"column":8},"end":{"line":35,"column":20}},"17":{"start":{"line":40,"column":4},"end":{"line":76,"column":6}},"18":{"start":{"line":41,"column":6},"end":{"line":75,"column":7}},"19":{"start":{"line":43,"column":21},"end":{"line":43,"column":76}},"20":{"start":{"line":46,"column":8},"end":{"line":47,"column":72}},"21":{"start":{"line":47,"column":10},"end":{"line":47,"column":72}},"22":{"start":{"line":50,"column":8},"end":{"line":51,"column":72}},"23":{"start":{"line":51,"column":10},"end":{"line":51,"column":72}},"24":{"start":{"line":54,"column":22},"end":{"line":56,"column":10}},"25":{"start":{"line":58,"column":22},"end":{"line":58,"column":57}},"26":{"start":{"line":58,"column":47},"end":{"line":58,"column":56}},"27":{"start":{"line":60,"column":21},"end":{"line":64,"column":9}},"28":{"start":{"line":66,"column":8},"end":{"line":72,"column":11}},"29":{"start":{"line":74,"column":8},"end":{"line":74,"column":20}},"30":{"start":{"line":79,"column":4},"end":{"line":96,"column":6}},"31":{"start":{"line":80,"column":6},"end":{"line":95,"column":7}},"32":{"start":{"line":81,"column":8},"end":{"line":82,"column":77}},"33":{"start":{"line":82,"column":10},"end":{"line":82,"column":77}},"34":{"start":{"line":83,"column":21},"end":{"line":86,"column":9}},"35":{"start":{"line":88,"column":8},"end":{"line":92,"column":11}},"36":{"start":{"line":94,"column":8},"end":{"line":94,"column":20}},"37":{"start":{"line":99,"column":4},"end":{"line":110,"column":6}},"38":{"start":{"line":100,"column":6},"end":{"line":109,"column":7}},"39":{"start":{"line":101,"column":21},"end":{"line":101,"column":75}},"40":{"start":{"line":102,"column":8},"end":{"line":106,"column":11}},"41":{"start":{"line":108,"column":8},"end":{"line":108,"column":20}},"42":{"start":{"line":114,"column":0},"end":{"line":114,"column":32}}},"fnMap":{"0":{"name":"(anonymous_0)","decl":{"start":{"line":9,"column":2},"end":{"line":9,"column":3}},"loc":{"start":{"line":9,"column":16},"end":{"line":11,"column":3}},"line":9},"1":{"name":"(anonymous_1)","decl":{"start":{"line":13,"column":2},"end":{"line":13,"column":3}},"loc":{"start":{"line":13,"column":28},"end":{"line":38,"column":3}},"line":13},"2":{"name":"(anonymous_2)","decl":{"start":{"line":14,"column":11},"end":{"line":14,"column":12}},"loc":{"start":{"line":14,"column":37},"end":{"line":37,"column":5}},"line":14},"3":{"name":"(anonymous_3)","decl":{"start":{"line":39,"column":2},"end":{"line":39,"column":3}},"loc":{"start":{"line":39,"column":21},"end":{"line":77,"column":3}},"line":39},"4":{"name":"(anonymous_4)","decl":{"start":{"line":40,"column":11},"end":{"line":40,"column":12}},"loc":{"start":{"line":40,"column":37},"end":{"line":76,"column":5}},"line":40},"5":{"name":"(anonymous_5)","decl":{"start":{"line":58,"column":37},"end":{"line":58,"column":38}},"loc":{"start":{"line":58,"column":47},"end":{"line":58,"column":56}},"line":58},"6":{"name":"(anonymous_6)","decl":{"start":{"line":78,"column":2},"end":{"line":78,"column":3}},"loc":{"start":{"line":78,"column":21},"end":{"line":97,"column":3}},"line":78},"7":{"name":"(anonymous_7)","decl":{"start":{"line":79,"column":11},"end":{"line":79,"column":12}},"loc":{"start":{"line":79,"column":37},"end":{"line":96,"column":5}},"line":79},"8":{"name":"(anonymous_8)","decl":{"start":{"line":98,"column":2},"end":{"line":98,"column":3}},"loc":{"start":{"line":98,"column":26},"end":{"line":111,"column":3}},"line":98},"9":{"name":"(anonymous_9)","decl":{"start":{"line":99,"column":11},"end":{"line":99,"column":12}},"loc":{"start":{"line":99,"column":37},"end":{"line":110,"column":5}},"line":99}},"branchMap":{"0":{"loc":{"start":{"line":17,"column":8},"end":{"line":20,"column":12}},"type":"if","locations":[{"start":{"line":17,"column":8},"end":{"line":20,"column":12}},{"start":{},"end":{}}],"line":17},"1":{"loc":{"start":{"line":21,"column":8},"end":{"line":24,"column":12}},"type":"if","locations":[{"start":{"line":21,"column":8},"end":{"line":24,"column":12}},{"start":{},"end":{}}],"line":21},"2":{"loc":{"start":{"line":46,"column":8},"end":{"line":47,"column":72}},"type":"if","locations":[{"start":{"line":46,"column":8},"end":{"line":47,"column":72}},{"start":{},"end":{}}],"line":46},"3":{"loc":{"start":{"line":50,"column":8},"end":{"line":51,"column":72}},"type":"if","locations":[{"start":{"line":50,"column":8},"end":{"line":51,"column":72}},{"start":{},"end":{}}],"line":50},"4":{"loc":{"start":{"line":81,"column":8},"end":{"line":82,"column":77}},"type":"if","locations":[{"start":{"line":81,"column":8},"end":{"line":82,"column":77}},{"start":{},"end":{}}],"line":81}},"s":{"0":2,"1":2,"2":2,"3":2,"4":2,"5":2,"6":2,"7":6,"8":6,"9":3,"10":3,"11":1,"12":2,"13":1,"14":1,"15":1,"16":2,"17":3,"18":2,"19":2,"20":2,"21":1,"22":1,"23":1,"24":0,"25":0,"26":0,"27":0,"28":0,"29":2,"30":1,"31":0,"32":0,"33":0,"34":0,"35":0,"36":0,"37":1,"38":0,"39":0,"40":0,"41":0,"42":2},"f":{"0":6,"1":6,"2":3,"3":3,"4":2,"5":0,"6":1,"7":0,"8":1,"9":0},"b":{"0":[1,2],"1":[1,1],"2":[1,1],"3":[1,0],"4":[0,0]},"_coverageSchema":"1a1c01bbd47fc00a2c39e90264f33305004495a9","hash":"7594222adda2c75d3b3de6202ca526b69598af9e"}
,"/home/buddhi/projects/mystore-api/src/controllers/category/category.controller.js": {"path":"/home/buddhi/projects/mystore-api/src/controllers/category/category.controller.js","statementMap":{"0":{"start":{"line":1,"column":26},"end":{"line":1,"column":78}},"1":{"start":{"line":2,"column":27},"end":{"line":2,"column":88}},"2":{"start":{"line":7,"column":4},"end":{"line":7,"column":48}},"3":{"start":{"line":11,"column":4},"end":{"line":27,"column":6}},"4":{"start":{"line":12,"column":6},"end":{"line":26,"column":7}},"5":{"start":{"line":14,"column":8},"end":{"line":14,"column":130}},"6":{"start":{"line":14,"column":75},"end":{"line":14,"column":130}},"7":{"start":{"line":17,"column":25},"end":{"line":17,"column":76}},"8":{"start":{"line":19,"column":8},"end":{"line":23,"column":11}},"9":{"start":{"line":25,"column":8},"end":{"line":25,"column":20}},"10":{"start":{"line":31,"column":4},"end":{"line":42,"column":6}},"11":{"start":{"line":32,"column":6},"end":{"line":41,"column":7}},"12":{"start":{"line":33,"column":27},"end":{"line":33,"column":72}},"13":{"start":{"line":34,"column":8},"end":{"line":38,"column":11}},"14":{"start":{"line":40,"column":8},"end":{"line":40,"column":20}},"15":{"start":{"line":46,"column":4},"end":{"line":63,"column":6}},"16":{"start":{"line":47,"column":6},"end":{"line":62,"column":7}},"17":{"start":{"line":49,"column":8},"end":{"line":49,"column":130}},"18":{"start":{"line":49,"column":74},"end":{"line":49,"column":130}},"19":{"start":{"line":50,"column":8},"end":{"line":50,"column":130}},"20":{"start":{"line":50,"column":75},"end":{"line":50,"column":130}},"21":{"start":{"line":53,"column":25},"end":{"line":53,"column":75}},"22":{"start":{"line":55,"column":8},"end":{"line":59,"column":11}},"23":{"start":{"line":61,"column":8},"end":{"line":61,"column":20}},"24":{"start":{"line":67,"column":4},"end":{"line":81,"column":6}},"25":{"start":{"line":68,"column":6},"end":{"line":80,"column":7}},"26":{"start":{"line":70,"column":8},"end":{"line":70,"column":130}},"27":{"start":{"line":70,"column":74},"end":{"line":70,"column":130}},"28":{"start":{"line":72,"column":8},"end":{"line":72,"column":60}},"29":{"start":{"line":74,"column":8},"end":{"line":77,"column":11}},"30":{"start":{"line":79,"column":8},"end":{"line":79,"column":20}},"31":{"start":{"line":87,"column":0},"end":{"line":87,"column":36}}},"fnMap":{"0":{"name":"(anonymous_0)","decl":{"start":{"line":6,"column":2},"end":{"line":6,"column":3}},"loc":{"start":{"line":6,"column":16},"end":{"line":8,"column":3}},"line":6},"1":{"name":"(anonymous_1)","decl":{"start":{"line":10,"column":2},"end":{"line":10,"column":3}},"loc":{"start":{"line":10,"column":25},"end":{"line":28,"column":3}},"line":10},"2":{"name":"(anonymous_2)","decl":{"start":{"line":11,"column":11},"end":{"line":11,"column":12}},"loc":{"start":{"line":11,"column":37},"end":{"line":27,"column":5}},"line":11},"3":{"name":"(anonymous_3)","decl":{"start":{"line":30,"column":2},"end":{"line":30,"column":3}},"loc":{"start":{"line":30,"column":29},"end":{"line":43,"column":3}},"line":30},"4":{"name":"(anonymous_4)","decl":{"start":{"line":31,"column":11},"end":{"line":31,"column":12}},"loc":{"start":{"line":31,"column":37},"end":{"line":42,"column":5}},"line":31},"5":{"name":"(anonymous_5)","decl":{"start":{"line":45,"column":2},"end":{"line":45,"column":3}},"loc":{"start":{"line":45,"column":25},"end":{"line":64,"column":3}},"line":45},"6":{"name":"(anonymous_6)","decl":{"start":{"line":46,"column":11},"end":{"line":46,"column":12}},"loc":{"start":{"line":46,"column":37},"end":{"line":63,"column":5}},"line":46},"7":{"name":"(anonymous_7)","decl":{"start":{"line":66,"column":2},"end":{"line":66,"column":3}},"loc":{"start":{"line":66,"column":26},"end":{"line":82,"column":3}},"line":66},"8":{"name":"(anonymous_8)","decl":{"start":{"line":67,"column":11},"end":{"line":67,"column":12}},"loc":{"start":{"line":67,"column":37},"end":{"line":81,"column":5}},"line":67}},"branchMap":{"0":{"loc":{"start":{"line":14,"column":8},"end":{"line":14,"column":130}},"type":"if","locations":[{"start":{"line":14,"column":8},"end":{"line":14,"column":130}},{"start":{},"end":{}}],"line":14},"1":{"loc":{"start":{"line":49,"column":8},"end":{"line":49,"column":130}},"type":"if","locations":[{"start":{"line":49,"column":8},"end":{"line":49,"column":130}},{"start":{},"end":{}}],"line":49},"2":{"loc":{"start":{"line":50,"column":8},"end":{"line":50,"column":130}},"type":"if","locations":[{"start":{"line":50,"column":8},"end":{"line":50,"column":130}},{"start":{},"end":{}}],"line":50},"3":{"loc":{"start":{"line":70,"column":8},"end":{"line":70,"column":130}},"type":"if","locations":[{"start":{"line":70,"column":8},"end":{"line":70,"column":130}},{"start":{},"end":{}}],"line":70}},"s":{"0":1,"1":1,"2":1,"3":1,"4":0,"5":0,"6":0,"7":0,"8":0,"9":0,"10":1,"11":0,"12":0,"13":0,"14":0,"15":1,"16":0,"17":0,"18":0,"19":0,"20":0,"21":0,"22":0,"23":0,"24":1,"25":0,"26":0,"27":0,"28":0,"29":0,"30":0,"31":1},"f":{"0":1,"1":1,"2":0,"3":1,"4":0,"5":1,"6":0,"7":1,"8":0},"b":{"0":[0,0],"1":[0,0],"2":[0,0],"3":[0,0]},"_coverageSchema":"1a1c01bbd47fc00a2c39e90264f33305004495a9","hash":"0b5304d14e6a3695c113845ef3ebf5ef437a1cb8"}
,"/home/buddhi/projects/mystore-api/src/controllers/item/item.controller.js": {"path":"/home/buddhi/projects/mystore-api/src/controllers/item/item.controller.js","statementMap":{"0":{"start":{"line":1,"column":26},"end":{"line":1,"column":78}},"1":{"start":{"line":2,"column":58},"end":{"line":2,"column":101}},"2":{"start":{"line":3,"column":23},"end":{"line":3,"column":76}},"3":{"start":{"line":7,"column":4},"end":{"line":7,"column":40}},"4":{"start":{"line":11,"column":4},"end":{"line":28,"column":6}},"5":{"start":{"line":12,"column":6},"end":{"line":27,"column":7}},"6":{"start":{"line":14,"column":19},"end":{"line":14,"column":72}},"7":{"start":{"line":16,"column":8},"end":{"line":16,"column":85}},"8":{"start":{"line":16,"column":18},"end":{"line":16,"column":85}},"9":{"start":{"line":18,"column":8},"end":{"line":18,"column":59}},"10":{"start":{"line":20,"column":8},"end":{"line":24,"column":11}},"11":{"start":{"line":26,"column":8},"end":{"line":26,"column":20}},"12":{"start":{"line":32,"column":4},"end":{"line":43,"column":6}},"13":{"start":{"line":33,"column":6},"end":{"line":42,"column":7}},"14":{"start":{"line":34,"column":22},"end":{"line":34,"column":58}},"15":{"start":{"line":35,"column":8},"end":{"line":39,"column":11}},"16":{"start":{"line":41,"column":8},"end":{"line":41,"column":20}},"17":{"start":{"line":47,"column":4},"end":{"line":60,"column":6}},"18":{"start":{"line":48,"column":6},"end":{"line":59,"column":7}},"19":{"start":{"line":50,"column":21},"end":{"line":50,"column":74}},"20":{"start":{"line":52,"column":8},"end":{"line":56,"column":11}},"21":{"start":{"line":58,"column":8},"end":{"line":58,"column":20}},"22":{"start":{"line":64,"column":0},"end":{"line":64,"column":32}}},"fnMap":{"0":{"name":"(anonymous_0)","decl":{"start":{"line":6,"column":2},"end":{"line":6,"column":3}},"loc":{"start":{"line":6,"column":16},"end":{"line":8,"column":3}},"line":6},"1":{"name":"(anonymous_1)","decl":{"start":{"line":10,"column":2},"end":{"line":10,"column":3}},"loc":{"start":{"line":10,"column":22},"end":{"line":29,"column":3}},"line":10},"2":{"name":"(anonymous_2)","decl":{"start":{"line":11,"column":11},"end":{"line":11,"column":12}},"loc":{"start":{"line":11,"column":37},"end":{"line":28,"column":5}},"line":11},"3":{"name":"(anonymous_3)","decl":{"start":{"line":31,"column":2},"end":{"line":31,"column":3}},"loc":{"start":{"line":31,"column":23},"end":{"line":44,"column":3}},"line":31},"4":{"name":"(anonymous_4)","decl":{"start":{"line":32,"column":11},"end":{"line":32,"column":12}},"loc":{"start":{"line":32,"column":37},"end":{"line":43,"column":5}},"line":32},"5":{"name":"(anonymous_5)","decl":{"start":{"line":46,"column":2},"end":{"line":46,"column":3}},"loc":{"start":{"line":46,"column":19},"end":{"line":61,"column":3}},"line":46},"6":{"name":"(anonymous_6)","decl":{"start":{"line":47,"column":11},"end":{"line":47,"column":12}},"loc":{"start":{"line":47,"column":37},"end":{"line":60,"column":5}},"line":47}},"branchMap":{"0":{"loc":{"start":{"line":16,"column":8},"end":{"line":16,"column":85}},"type":"if","locations":[{"start":{"line":16,"column":8},"end":{"line":16,"column":85}},{"start":{},"end":{}}],"line":16}},"s":{"0":2,"1":2,"2":2,"3":1,"4":1,"5":0,"6":0,"7":0,"8":0,"9":0,"10":0,"11":0,"12":1,"13":0,"14":0,"15":0,"16":0,"17":1,"18":0,"19":0,"20":0,"21":0,"22":2},"f":{"0":1,"1":1,"2":0,"3":1,"4":0,"5":1,"6":0},"b":{"0":[0,0]},"_coverageSchema":"1a1c01bbd47fc00a2c39e90264f33305004495a9","hash":"1a8dc42199df605331f4276ae3208eef62866e38"}
,"/home/buddhi/projects/mystore-api/src/controllers/review/review.controller.js": {"path":"/home/buddhi/projects/mystore-api/src/controllers/review/review.controller.js","statementMap":{"0":{"start":{"line":1,"column":26},"end":{"line":1,"column":78}},"1":{"start":{"line":2,"column":25},"end":{"line":2,"column":82}},"2":{"start":{"line":3,"column":23},"end":{"line":3,"column":76}},"3":{"start":{"line":7,"column":4},"end":{"line":7,"column":44}},"4":{"start":{"line":8,"column":4},"end":{"line":8,"column":40}},"5":{"start":{"line":12,"column":4},"end":{"line":29,"column":6}},"6":{"start":{"line":13,"column":6},"end":{"line":28,"column":7}},"7":{"start":{"line":15,"column":21},"end":{"line":15,"column":74}},"8":{"start":{"line":16,"column":8},"end":{"line":16,"column":71}},"9":{"start":{"line":16,"column":19},"end":{"line":16,"column":71}},"10":{"start":{"line":19,"column":23},"end":{"line":19,"column":106}},"11":{"start":{"line":21,"column":8},"end":{"line":25,"column":11}},"12":{"start":{"line":27,"column":8},"end":{"line":27,"column":20}},"13":{"start":{"line":33,"column":4},"end":{"line":47,"column":6}},"14":{"start":{"line":34,"column":6},"end":{"line":46,"column":7}},"15":{"start":{"line":35,"column":21},"end":{"line":35,"column":74}},"16":{"start":{"line":36,"column":8},"end":{"line":36,"column":71}},"17":{"start":{"line":36,"column":19},"end":{"line":36,"column":71}},"18":{"start":{"line":38,"column":24},"end":{"line":38,"column":81}},"19":{"start":{"line":39,"column":8},"end":{"line":43,"column":11}},"20":{"start":{"line":45,"column":8},"end":{"line":45,"column":20}},"21":{"start":{"line":53,"column":0},"end":{"line":53,"column":34}}},"fnMap":{"0":{"name":"(anonymous_0)","decl":{"start":{"line":6,"column":2},"end":{"line":6,"column":3}},"loc":{"start":{"line":6,"column":16},"end":{"line":9,"column":3}},"line":6},"1":{"name":"(anonymous_1)","decl":{"start":{"line":11,"column":2},"end":{"line":11,"column":3}},"loc":{"start":{"line":11,"column":22},"end":{"line":30,"column":3}},"line":11},"2":{"name":"(anonymous_2)","decl":{"start":{"line":12,"column":11},"end":{"line":12,"column":12}},"loc":{"start":{"line":12,"column":37},"end":{"line":29,"column":5}},"line":12},"3":{"name":"(anonymous_3)","decl":{"start":{"line":32,"column":2},"end":{"line":32,"column":3}},"loc":{"start":{"line":32,"column":25},"end":{"line":48,"column":3}},"line":32},"4":{"name":"(anonymous_4)","decl":{"start":{"line":33,"column":11},"end":{"line":33,"column":12}},"loc":{"start":{"line":33,"column":37},"end":{"line":47,"column":5}},"line":33}},"branchMap":{"0":{"loc":{"start":{"line":16,"column":8},"end":{"line":16,"column":71}},"type":"if","locations":[{"start":{"line":16,"column":8},"end":{"line":16,"column":71}},{"start":{},"end":{}}],"line":16},"1":{"loc":{"start":{"line":36,"column":8},"end":{"line":36,"column":71}},"type":"if","locations":[{"start":{"line":36,"column":8},"end":{"line":36,"column":71}},{"start":{},"end":{}}],"line":36}},"s":{"0":2,"1":2,"2":2,"3":2,"4":2,"5":2,"6":1,"7":1,"8":1,"9":1,"10":0,"11":0,"12":1,"13":1,"14":0,"15":0,"16":0,"17":0,"18":0,"19":0,"20":0,"21":2},"f":{"0":2,"1":2,"2":1,"3":1,"4":0},"b":{"0":[1,0],"1":[0,0]},"_coverageSchema":"1a1c01bbd47fc00a2c39e90264f33305004495a9","hash":"36e4bad66c687d408909abe3895a403a8acd9519"}
,"/home/buddhi/projects/mystore-api/src/database/index.js": {"path":"/home/buddhi/projects/mystore-api/src/database/index.js","statementMap":{"0":{"start":{"line":1,"column":40},"end":{"line":1,"column":60}},"1":{"start":{"line":2,"column":12},"end":{"line":2,"column":33}},"2":{"start":{"line":3,"column":13},"end":{"line":3,"column":28}},"3":{"start":{"line":5,"column":26},"end":{"line":11,"column":1}},"4":{"start":{"line":13,"column":0},"end":{"line":15,"column":1}},"5":{"start":{"line":14,"column":2},"end":{"line":14,"column":89}},"6":{"start":{"line":17,"column":23},"end":{"line":21,"column":2}},"7":{"start":{"line":23,"column":21},"end":{"line":26,"column":1}},"8":{"start":{"line":25,"column":2},"end":{"line":25,"column":25}},"9":{"start":{"line":28,"column":0},"end":{"line":31,"column":2}}},"fnMap":{"0":{"name":"(anonymous_0)","decl":{"start":{"line":23,"column":21},"end":{"line":23,"column":22}},"loc":{"start":{"line":23,"column":37},"end":{"line":26,"column":1}},"line":23}},"branchMap":{"0":{"loc":{"start":{"line":13,"column":0},"end":{"line":15,"column":1}},"type":"if","locations":[{"start":{"line":13,"column":0},"end":{"line":15,"column":1}},{"start":{},"end":{}}],"line":13},"1":{"loc":{"start":{"line":13,"column":4},"end":{"line":13,"column":64}},"type":"binary-expr","locations":[{"start":{"line":13,"column":4},"end":{"line":13,"column":20}},{"start":{"line":13,"column":24},"end":{"line":13,"column":64}}],"line":13}},"s":{"0":1,"1":1,"2":1,"3":1,"4":1,"5":0,"6":1,"7":1,"8":1,"9":1},"f":{"0":1},"b":{"0":[0,1],"1":[1,0]},"_coverageSchema":"1a1c01bbd47fc00a2c39e90264f33305004495a9","hash":"b7177bc5c27577309efe73fa5a5742c640f4bf21"}
,"/home/buddhi/projects/mystore-api/src/middlewares/auth/auth.middleware.js": {"path":"/home/buddhi/projects/mystore-api/src/middlewares/auth/auth.middleware.js","statementMap":{"0":{"start":{"line":1,"column":30},"end":{"line":1,"column":86}},"1":{"start":{"line":2,"column":27},"end":{"line":2,"column":80}},"2":{"start":{"line":3,"column":12},"end":{"line":3,"column":35}},"3":{"start":{"line":4,"column":12},"end":{"line":4,"column":36}},"4":{"start":{"line":5,"column":13},"end":{"line":5,"column":47}},"5":{"start":{"line":6,"column":23},"end":{"line":6,"column":76}},"6":{"start":{"line":10,"column":4},"end":{"line":10,"column":39}},"7":{"start":{"line":13,"column":4},"end":{"line":43,"column":6}},"8":{"start":{"line":14,"column":6},"end":{"line":42,"column":7}},"9":{"start":{"line":16,"column":8},"end":{"line":19,"column":12}},"10":{"start":{"line":17,"column":10},"end":{"line":19,"column":12}},"11":{"start":{"line":21,"column":32},"end":{"line":21,"column":68}},"12":{"start":{"line":22,"column":8},"end":{"line":23,"column":64}},"13":{"start":{"line":23,"column":10},"end":{"line":23,"column":64}},"14":{"start":{"line":25,"column":24},"end":{"line":28,"column":10}},"15":{"start":{"line":26,"column":10},"end":{"line":26,"column":69}},"16":{"start":{"line":26,"column":19},"end":{"line":26,"column":69}},"17":{"start":{"line":27,"column":10},"end":{"line":27,"column":25}},"18":{"start":{"line":30,"column":8},"end":{"line":32,"column":10}},"19":{"start":{"line":30,"column":49},"end":{"line":32,"column":10}},"20":{"start":{"line":34,"column":8},"end":{"line":37,"column":12}},"21":{"start":{"line":35,"column":10},"end":{"line":37,"column":12}},"22":{"start":{"line":38,"column":8},"end":{"line":38,"column":27}},"23":{"start":{"line":39,"column":8},"end":{"line":39,"column":15}},"24":{"start":{"line":41,"column":8},"end":{"line":41,"column":20}},"25":{"start":{"line":47,"column":4},"end":{"line":63,"column":6}},"26":{"start":{"line":48,"column":6},"end":{"line":62,"column":7}},"27":{"start":{"line":50,"column":8},"end":{"line":50,"column":54}},"28":{"start":{"line":50,"column":23},"end":{"line":50,"column":54}},"29":{"start":{"line":53,"column":22},"end":{"line":53,"column":75}},"30":{"start":{"line":56,"column":29},"end":{"line":56,"column":78}},"31":{"start":{"line":56,"column":50},"end":{"line":56,"column":77}},"32":{"start":{"line":57,"column":8},"end":{"line":57,"column":58}},"33":{"start":{"line":57,"column":27},"end":{"line":57,"column":58}},"34":{"start":{"line":59,"column":8},"end":{"line":59,"column":15}},"35":{"start":{"line":61,"column":8},"end":{"line":61,"column":20}},"36":{"start":{"line":69,"column":0},"end":{"line":69,"column":32}}},"fnMap":{"0":{"name":"(anonymous_0)","decl":{"start":{"line":9,"column":2},"end":{"line":9,"column":3}},"loc":{"start":{"line":9,"column":16},"end":{"line":11,"column":3}},"line":9},"1":{"name":"(anonymous_1)","decl":{"start":{"line":12,"column":2},"end":{"line":12,"column":3}},"loc":{"start":{"line":12,"column":29},"end":{"line":44,"column":3}},"line":12},"2":{"name":"(anonymous_2)","decl":{"start":{"line":13,"column":11},"end":{"line":13,"column":12}},"loc":{"start":{"line":13,"column":37},"end":{"line":43,"column":5}},"line":13},"3":{"name":"(anonymous_3)","decl":{"start":{"line":25,"column":54},"end":{"line":25,"column":55}},"loc":{"start":{"line":25,"column":72},"end":{"line":28,"column":9}},"line":25},"4":{"name":"(anonymous_4)","decl":{"start":{"line":46,"column":2},"end":{"line":46,"column":3}},"loc":{"start":{"line":46,"column":40},"end":{"line":64,"column":3}},"line":46},"5":{"name":"(anonymous_5)","decl":{"start":{"line":47,"column":11},"end":{"line":47,"column":12}},"loc":{"start":{"line":47,"column":37},"end":{"line":63,"column":5}},"line":47},"6":{"name":"(anonymous_6)","decl":{"start":{"line":56,"column":40},"end":{"line":56,"column":41}},"loc":{"start":{"line":56,"column":50},"end":{"line":56,"column":77}},"line":56}},"branchMap":{"0":{"loc":{"start":{"line":16,"column":8},"end":{"line":19,"column":12}},"type":"if","locations":[{"start":{"line":16,"column":8},"end":{"line":19,"column":12}},{"start":{},"end":{}}],"line":16},"1":{"loc":{"start":{"line":22,"column":8},"end":{"line":23,"column":64}},"type":"if","locations":[{"start":{"line":22,"column":8},"end":{"line":23,"column":64}},{"start":{},"end":{}}],"line":22},"2":{"loc":{"start":{"line":26,"column":10},"end":{"line":26,"column":69}},"type":"if","locations":[{"start":{"line":26,"column":10},"end":{"line":26,"column":69}},{"start":{},"end":{}}],"line":26},"3":{"loc":{"start":{"line":30,"column":8},"end":{"line":32,"column":10}},"type":"if","locations":[{"start":{"line":30,"column":8},"end":{"line":32,"column":10}},{"start":{},"end":{}}],"line":30},"4":{"loc":{"start":{"line":34,"column":8},"end":{"line":37,"column":12}},"type":"if","locations":[{"start":{"line":34,"column":8},"end":{"line":37,"column":12}},{"start":{},"end":{}}],"line":34},"5":{"loc":{"start":{"line":50,"column":8},"end":{"line":50,"column":54}},"type":"if","locations":[{"start":{"line":50,"column":8},"end":{"line":50,"column":54}},{"start":{},"end":{}}],"line":50},"6":{"loc":{"start":{"line":57,"column":8},"end":{"line":57,"column":58}},"type":"if","locations":[{"start":{"line":57,"column":8},"end":{"line":57,"column":58}},{"start":{},"end":{}}],"line":57}},"s":{"0":2,"1":2,"2":2,"3":2,"4":2,"5":2,"6":11,"7":13,"8":5,"9":5,"10":1,"11":4,"12":4,"13":1,"14":3,"15":3,"16":1,"17":2,"18":2,"19":1,"20":1,"21":0,"22":1,"23":1,"24":4,"25":9,"26":3,"27":3,"28":1,"29":2,"30":2,"31":3,"32":2,"33":1,"34":1,"35":2,"36":2},"f":{"0":11,"1":13,"2":5,"3":3,"4":9,"5":3,"6":3},"b":{"0":[1,4],"1":[1,3],"2":[1,2],"3":[1,1],"4":[0,1],"5":[1,2],"6":[1,1]},"_coverageSchema":"1a1c01bbd47fc00a2c39e90264f33305004495a9","hash":"bd3ddcaa7f4a1cdc3b03c47da866894ee8420cba"}
,"/home/buddhi/projects/mystore-api/src/middlewares/validation/validation.middleware.js": {"path":"/home/buddhi/projects/mystore-api/src/middlewares/validation/validation.middleware.js","statementMap":{"0":{"start":{"line":1,"column":28},"end":{"line":1,"column":82}},"1":{"start":{"line":3,"column":29},"end":{"line":11,"column":1}},"2":{"start":{"line":3,"column":41},"end":{"line":11,"column":1}},"3":{"start":{"line":4,"column":2},"end":{"line":10,"column":3}},"4":{"start":{"line":5,"column":29},"end":{"line":5,"column":60}},"5":{"start":{"line":6,"column":4},"end":{"line":6,"column":60}},"6":{"start":{"line":6,"column":15},"end":{"line":6,"column":60}},"7":{"start":{"line":7,"column":4},"end":{"line":7,"column":11}},"8":{"start":{"line":9,"column":4},"end":{"line":9,"column":16}},"9":{"start":{"line":13,"column":0},"end":{"line":13,"column":42}}},"fnMap":{"0":{"name":"(anonymous_0)","decl":{"start":{"line":3,"column":29},"end":{"line":3,"column":30}},"loc":{"start":{"line":3,"column":41},"end":{"line":11,"column":1}},"line":3},"1":{"name":"(anonymous_1)","decl":{"start":{"line":3,"column":41},"end":{"line":3,"column":42}},"loc":{"start":{"line":3,"column":67},"end":{"line":11,"column":1}},"line":3}},"branchMap":{"0":{"loc":{"start":{"line":6,"column":4},"end":{"line":6,"column":60}},"type":"if","locations":[{"start":{"line":6,"column":4},"end":{"line":6,"column":60}},{"start":{},"end":{}}],"line":6}},"s":{"0":1,"1":1,"2":10,"3":0,"4":0,"5":0,"6":0,"7":0,"8":0,"9":1},"f":{"0":10,"1":0},"b":{"0":[0,0]},"_coverageSchema":"1a1c01bbd47fc00a2c39e90264f33305004495a9","hash":"f4a59047efca253f148043c3cdd177a4cb1e3d24"}
,"/home/buddhi/projects/mystore-api/src/models/category.model.js": {"path":"/home/buddhi/projects/mystore-api/src/models/category.model.js","statementMap":{"0":{"start":{"line":1,"column":18},"end":{"line":1,"column":38}},"1":{"start":{"line":5,"column":4},"end":{"line":5,"column":22}},"2":{"start":{"line":9,"column":17},"end":{"line":9,"column":40}},"3":{"start":{"line":10,"column":4},"end":{"line":19,"column":6}},"4":{"start":{"line":23,"column":0},"end":{"line":23,"column":26}}},"fnMap":{"0":{"name":"(anonymous_0)","decl":{"start":{"line":4,"column":2},"end":{"line":4,"column":3}},"loc":{"start":{"line":4,"column":25},"end":{"line":6,"column":3}},"line":4},"1":{"name":"(anonymous_1)","decl":{"start":{"line":8,"column":2},"end":{"line":8,"column":3}},"loc":{"start":{"line":8,"column":28},"end":{"line":20,"column":3}},"line":8}},"branchMap":{},"s":{"0":2,"1":0,"2":0,"3":0,"4":2},"f":{"0":0,"1":0},"b":{},"_coverageSchema":"1a1c01bbd47fc00a2c39e90264f33305004495a9","hash":"670e469c5306ad4dbd5f6ddc73290a0f40ee537f"}
,"/home/buddhi/projects/mystore-api/src/models/item.model.js": {"path":"/home/buddhi/projects/mystore-api/src/models/item.model.js","statementMap":{"0":{"start":{"line":1,"column":18},"end":{"line":1,"column":38}},"1":{"start":{"line":5,"column":4},"end":{"line":5,"column":18}},"2":{"start":{"line":9,"column":21},"end":{"line":9,"column":48}},"3":{"start":{"line":10,"column":16},"end":{"line":10,"column":38}},"4":{"start":{"line":11,"column":19},"end":{"line":11,"column":44}},"5":{"start":{"line":13,"column":4},"end":{"line":41,"column":6}},"6":{"start":{"line":17,"column":27},"end":{"line":17,"column":53}},"7":{"start":{"line":26,"column":27},"end":{"line":26,"column":78}},"8":{"start":{"line":45,"column":0},"end":{"line":45,"column":22}}},"fnMap":{"0":{"name":"(anonymous_0)","decl":{"start":{"line":4,"column":2},"end":{"line":4,"column":3}},"loc":{"start":{"line":4,"column":25},"end":{"line":6,"column":3}},"line":4},"1":{"name":"(anonymous_1)","decl":{"start":{"line":8,"column":2},"end":{"line":8,"column":3}},"loc":{"start":{"line":8,"column":32},"end":{"line":42,"column":3}},"line":8},"2":{"name":"(anonymous_2)","decl":{"start":{"line":17,"column":16},"end":{"line":17,"column":17}},"loc":{"start":{"line":17,"column":27},"end":{"line":17,"column":53}},"line":17},"3":{"name":"(anonymous_3)","decl":{"start":{"line":26,"column":16},"end":{"line":26,"column":17}},"loc":{"start":{"line":26,"column":27},"end":{"line":26,"column":78}},"line":26}},"branchMap":{},"s":{"0":2,"1":0,"2":0,"3":0,"4":0,"5":0,"6":0,"7":0,"8":2},"f":{"0":0,"1":0,"2":0,"3":0},"b":{},"_coverageSchema":"1a1c01bbd47fc00a2c39e90264f33305004495a9","hash":"661480776bc57612da3ddef0dda250e3b3ecb4b5"}
,"/home/buddhi/projects/mystore-api/src/models/review.model.js": {"path":"/home/buddhi/projects/mystore-api/src/models/review.model.js","statementMap":{"0":{"start":{"line":1,"column":18},"end":{"line":1,"column":38}},"1":{"start":{"line":5,"column":4},"end":{"line":5,"column":20}},"2":{"start":{"line":9,"column":17},"end":{"line":9,"column":40}},"3":{"start":{"line":10,"column":17},"end":{"line":10,"column":40}},"4":{"start":{"line":12,"column":4},"end":{"line":31,"column":6}},"5":{"start":{"line":25,"column":27},"end":{"line":25,"column":70}},"6":{"start":{"line":35,"column":0},"end":{"line":35,"column":24}}},"fnMap":{"0":{"name":"(anonymous_0)","decl":{"start":{"line":4,"column":2},"end":{"line":4,"column":3}},"loc":{"start":{"line":4,"column":25},"end":{"line":6,"column":3}},"line":4},"1":{"name":"(anonymous_1)","decl":{"start":{"line":8,"column":2},"end":{"line":8,"column":3}},"loc":{"start":{"line":8,"column":32},"end":{"line":32,"column":3}},"line":8},"2":{"name":"(anonymous_2)","decl":{"start":{"line":25,"column":16},"end":{"line":25,"column":17}},"loc":{"start":{"line":25,"column":27},"end":{"line":25,"column":70}},"line":25}},"branchMap":{},"s":{"0":2,"1":0,"2":0,"3":0,"4":0,"5":0,"6":2},"f":{"0":0,"1":0,"2":0},"b":{},"_coverageSchema":"1a1c01bbd47fc00a2c39e90264f33305004495a9","hash":"a115446de57a19eb3fbad1139285a1002ea3bd3e"}
,"/home/buddhi/projects/mystore-api/src/models/role.model.js": {"path":"/home/buddhi/projects/mystore-api/src/models/role.model.js","statementMap":{"0":{"start":{"line":1,"column":18},"end":{"line":1,"column":38}},"1":{"start":{"line":2,"column":13},"end":{"line":2,"column":36}},"2":{"start":{"line":6,"column":4},"end":{"line":6,"column":18}},"3":{"start":{"line":9,"column":28},"end":{"line":22,"column":3}},"4":{"start":{"line":25,"column":0},"end":{"line":25,"column":22}}},"fnMap":{"0":{"name":"(anonymous_0)","decl":{"start":{"line":5,"column":2},"end":{"line":5,"column":3}},"loc":{"start":{"line":5,"column":25},"end":{"line":7,"column":3}},"line":5}},"branchMap":{},"s":{"0":3,"1":3,"2":0,"3":3,"4":3},"f":{"0":0},"b":{},"_coverageSchema":"1a1c01bbd47fc00a2c39e90264f33305004495a9","hash":"2a2922588f9011cc3496cada68b855e166bd0f63"}
,"/home/buddhi/projects/mystore-api/src/models/sku-variant.model.js": {"path":"/home/buddhi/projects/mystore-api/src/models/sku-variant.model.js","statementMap":{"0":{"start":{"line":1,"column":18},"end":{"line":1,"column":38}},"1":{"start":{"line":2,"column":13},"end":{"line":2,"column":36}},"2":{"start":{"line":3,"column":12},"end":{"line":3,"column":34}},"3":{"start":{"line":4,"column":16},"end":{"line":4,"column":42}},"4":{"start":{"line":8,"column":4},"end":{"line":8,"column":25}},"5":{"start":{"line":12,"column":4},"end":{"line":12,"column":44}},"6":{"start":{"line":16,"column":4},"end":{"line":43,"column":6}},"7":{"start":{"line":47,"column":0},"end":{"line":47,"column":32}}},"fnMap":{"0":{"name":"(anonymous_0)","decl":{"start":{"line":7,"column":2},"end":{"line":7,"column":3}},"loc":{"start":{"line":7,"column":25},"end":{"line":9,"column":3}},"line":7},"1":{"name":"(anonymous_1)","decl":{"start":{"line":11,"column":2},"end":{"line":11,"column":3}},"loc":{"start":{"line":11,"column":24},"end":{"line":13,"column":3}},"line":11},"2":{"name":"(anonymous_2)","decl":{"start":{"line":15,"column":2},"end":{"line":15,"column":3}},"loc":{"start":{"line":15,"column":32},"end":{"line":44,"column":3}},"line":15}},"branchMap":{},"s":{"0":2,"1":2,"2":2,"3":2,"4":0,"5":0,"6":0,"7":2},"f":{"0":0,"1":0,"2":0},"b":{},"_coverageSchema":"1a1c01bbd47fc00a2c39e90264f33305004495a9","hash":"658b87770b24ada2f3e4a9e5a507da09655ea10b"}
,"/home/buddhi/projects/mystore-api/src/models/sku.model.js": {"path":"/home/buddhi/projects/mystore-api/src/models/sku.model.js","statementMap":{"0":{"start":{"line":1,"column":18},"end":{"line":1,"column":38}},"1":{"start":{"line":5,"column":4},"end":{"line":5,"column":17}},"2":{"start":{"line":9,"column":17},"end":{"line":9,"column":48}},"3":{"start":{"line":10,"column":20},"end":{"line":10,"column":46}},"4":{"start":{"line":11,"column":4},"end":{"line":35,"column":6}},"5":{"start":{"line":15,"column":27},"end":{"line":15,"column":70}},"6":{"start":{"line":39,"column":0},"end":{"line":39,"column":21}}},"fnMap":{"0":{"name":"(anonymous_0)","decl":{"start":{"line":4,"column":2},"end":{"line":4,"column":3}},"loc":{"start":{"line":4,"column":25},"end":{"line":6,"column":3}},"line":4},"1":{"name":"(anonymous_1)","decl":{"start":{"line":8,"column":2},"end":{"line":8,"column":3}},"loc":{"start":{"line":8,"column":32},"end":{"line":36,"column":3}},"line":8},"2":{"name":"(anonymous_2)","decl":{"start":{"line":15,"column":16},"end":{"line":15,"column":17}},"loc":{"start":{"line":15,"column":27},"end":{"line":15,"column":70}},"line":15}},"branchMap":{},"s":{"0":2,"1":0,"2":0,"3":0,"4":0,"5":0,"6":2},"f":{"0":0,"1":0,"2":0},"b":{},"_coverageSchema":"1a1c01bbd47fc00a2c39e90264f33305004495a9","hash":"a8d90741e438a784ee90965b3625599fcb4b4169"}
,"/home/buddhi/projects/mystore-api/src/models/user.model.js": {"path":"/home/buddhi/projects/mystore-api/src/models/user.model.js","statementMap":{"0":{"start":{"line":1,"column":18},"end":{"line":1,"column":38}},"1":{"start":{"line":2,"column":15},"end":{"line":2,"column":32}},"2":{"start":{"line":6,"column":4},"end":{"line":6,"column":18}},"3":{"start":{"line":10,"column":17},"end":{"line":10,"column":39}},"4":{"start":{"line":11,"column":4},"end":{"line":11,"column":59}},"5":{"start":{"line":15,"column":4},"end":{"line":15,"column":35}},"6":{"start":{"line":16,"column":4},"end":{"line":16,"column":25}},"7":{"start":{"line":17,"column":4},"end":{"line":17,"column":16}},"8":{"start":{"line":20,"column":28},"end":{"line":48,"column":3}},"9":{"start":{"line":21,"column":17},"end":{"line":21,"column":40}},"10":{"start":{"line":22,"column":19},"end":{"line":22,"column":44}},"11":{"start":{"line":24,"column":4},"end":{"line":47,"column":6}},"12":{"start":{"line":28,"column":27},"end":{"line":28,"column":53}},"13":{"start":{"line":51,"column":0},"end":{"line":51,"column":22}}},"fnMap":{"0":{"name":"(anonymous_0)","decl":{"start":{"line":5,"column":2},"end":{"line":5,"column":3}},"loc":{"start":{"line":5,"column":25},"end":{"line":7,"column":3}},"line":5},"1":{"name":"(anonymous_1)","decl":{"start":{"line":9,"column":2},"end":{"line":9,"column":3}},"loc":{"start":{"line":9,"column":24},"end":{"line":12,"column":3}},"line":9},"2":{"name":"(anonymous_2)","decl":{"start":{"line":14,"column":2},"end":{"line":14,"column":3}},"loc":{"start":{"line":14,"column":20},"end":{"line":18,"column":3}},"line":14},"3":{"name":"(anonymous_3)","decl":{"start":{"line":20,"column":28},"end":{"line":20,"column":29}},"loc":{"start":{"line":20,"column":34},"end":{"line":48,"column":3}},"line":20},"4":{"name":"(anonymous_4)","decl":{"start":{"line":28,"column":16},"end":{"line":28,"column":17}},"loc":{"start":{"line":28,"column":27},"end":{"line":28,"column":53}},"line":28}},"branchMap":{},"s":{"0":3,"1":3,"2":0,"3":0,"4":0,"5":0,"6":0,"7":0,"8":3,"9":0,"10":0,"11":0,"12":0,"13":3},"f":{"0":0,"1":0,"2":0,"3":0,"4":0},"b":{},"_coverageSchema":"1a1c01bbd47fc00a2c39e90264f33305004495a9","hash":"0c424899e4ab97e479c43c53ba49cf061a5d99f3"}
,"/home/buddhi/projects/mystore-api/src/models/variant.model.js": {"path":"/home/buddhi/projects/mystore-api/src/models/variant.model.js","statementMap":{"0":{"start":{"line":1,"column":18},"end":{"line":1,"column":38}},"1":{"start":{"line":5,"column":4},"end":{"line":5,"column":21}},"2":{"start":{"line":9,"column":16},"end":{"line":9,"column":38}},"3":{"start":{"line":11,"column":4},"end":{"line":25,"column":6}},"4":{"start":{"line":29,"column":0},"end":{"line":29,"column":25}}},"fnMap":{"0":{"name":"(anonymous_0)","decl":{"start":{"line":4,"column":2},"end":{"line":4,"column":3}},"loc":{"start":{"line":4,"column":25},"end":{"line":6,"column":3}},"line":4},"1":{"name":"(anonymous_1)","decl":{"start":{"line":8,"column":2},"end":{"line":8,"column":3}},"loc":{"start":{"line":8,"column":32},"end":{"line":26,"column":3}},"line":8}},"branchMap":{},"s":{"0":2,"1":0,"2":0,"3":0,"4":2},"f":{"0":0,"1":0},"b":{},"_coverageSchema":"1a1c01bbd47fc00a2c39e90264f33305004495a9","hash":"7d7a5d2ab90f87c481febfa87fc0b634f46af5cc"}
,"/home/buddhi/projects/mystore-api/src/routers/auth.router.js": {"path":"/home/buddhi/projects/mystore-api/src/routers/auth.router.js","statementMap":{"0":{"start":{"line":1,"column":16},"end":{"line":1,"column":34}},"1":{"start":{"line":2,"column":23},"end":{"line":2,"column":69}},"2":{"start":{"line":3,"column":23},"end":{"line":3,"column":69}},"3":{"start":{"line":7,"column":4},"end":{"line":7,"column":50}},"4":{"start":{"line":10,"column":4},"end":{"line":10,"column":62}},"5":{"start":{"line":15,"column":4},"end":{"line":15,"column":40}},"6":{"start":{"line":17,"column":19},"end":{"line":17,"column":35}},"7":{"start":{"line":18,"column":23},"end":{"line":18,"column":43}},"8":{"start":{"line":19,"column":23},"end":{"line":19,"column":43}},"9":{"start":{"line":22,"column":0},"end":{"line":26,"column":2}},"10":{"start":{"line":27,"column":0},"end":{"line":33,"column":2}},"11":{"start":{"line":34,"column":0},"end":{"line":38,"column":2}},"12":{"start":{"line":41,"column":0},"end":{"line":45,"column":2}},"13":{"start":{"line":48,"column":0},"end":{"line":52,"column":2}},"14":{"start":{"line":54,"column":0},"end":{"line":59,"column":2}},"15":{"start":{"line":61,"column":0},"end":{"line":61,"column":28}}},"fnMap":{},"branchMap":{},"s":{"0":1,"1":1,"2":1,"3":1,"4":1,"5":1,"6":1,"7":1,"8":1,"9":1,"10":1,"11":1,"12":1,"13":1,"14":1,"15":1},"f":{},"b":{},"_coverageSchema":"1a1c01bbd47fc00a2c39e90264f33305004495a9","hash":"70f640f3d532016dddc88c4c119615ed3ee53896"}
,"/home/buddhi/projects/mystore-api/src/routers/category.router.js": {"path":"/home/buddhi/projects/mystore-api/src/routers/category.router.js","statementMap":{"0":{"start":{"line":1,"column":16},"end":{"line":1,"column":34}},"1":{"start":{"line":2,"column":27},"end":{"line":2,"column":81}},"2":{"start":{"line":3,"column":23},"end":{"line":3,"column":69}},"3":{"start":{"line":7,"column":4},"end":{"line":7,"column":50}},"4":{"start":{"line":10,"column":4},"end":{"line":10,"column":62}},"5":{"start":{"line":15,"column":4},"end":{"line":15,"column":44}},"6":{"start":{"line":17,"column":23},"end":{"line":17,"column":39}},"7":{"start":{"line":18,"column":27},"end":{"line":18,"column":51}},"8":{"start":{"line":19,"column":23},"end":{"line":19,"column":43}},"9":{"start":{"line":21,"column":0},"end":{"line":27,"column":2}},"10":{"start":{"line":29,"column":0},"end":{"line":32,"column":2}},"11":{"start":{"line":34,"column":0},"end":{"line":40,"column":2}},"12":{"start":{"line":42,"column":0},"end":{"line":48,"column":2}},"13":{"start":{"line":52,"column":0},"end":{"line":52,"column":32}}},"fnMap":{},"branchMap":{},"s":{"0":1,"1":1,"2":1,"3":1,"4":1,"5":1,"6":1,"7":1,"8":1,"9":1,"10":1,"11":1,"12":1,"13":1},"f":{},"b":{},"_coverageSchema":"1a1c01bbd47fc00a2c39e90264f33305004495a9","hash":"2a043f1a3571b4e0530f13caf8264c9498148dd9"}
,"/home/buddhi/projects/mystore-api/src/routers/helthCheck.router.js": {"path":"/home/buddhi/projects/mystore-api/src/routers/helthCheck.router.js","statementMap":{"0":{"start":{"line":1,"column":16},"end":{"line":1,"column":34}},"1":{"start":{"line":2,"column":27},"end":{"line":2,"column":49}},"2":{"start":{"line":3,"column":13},"end":{"line":3,"column":44}},"3":{"start":{"line":5,"column":25},"end":{"line":5,"column":41}},"4":{"start":{"line":7,"column":0},"end":{"line":21,"column":3}},"5":{"start":{"line":8,"column":2},"end":{"line":20,"column":3}},"6":{"start":{"line":9,"column":4},"end":{"line":9,"column":53}},"7":{"start":{"line":10,"column":4},"end":{"line":13,"column":7}},"8":{"start":{"line":15,"column":4},"end":{"line":15,"column":23}},"9":{"start":{"line":16,"column":4},"end":{"line":19,"column":7}},"10":{"start":{"line":23,"column":0},"end":{"line":23,"column":34}}},"fnMap":{"0":{"name":"(anonymous_0)","decl":{"start":{"line":7,"column":26},"end":{"line":7,"column":27}},"loc":{"start":{"line":7,"column":52},"end":{"line":21,"column":1}},"line":7}},"branchMap":{},"s":{"0":1,"1":1,"2":1,"3":1,"4":1,"5":1,"6":1,"7":1,"8":0,"9":0,"10":1},"f":{"0":1},"b":{},"_coverageSchema":"1a1c01bbd47fc00a2c39e90264f33305004495a9","hash":"2c06afd9ae23fe2f27719f6cab321aba6ac808e5"}
,"/home/buddhi/projects/mystore-api/src/routers/items.router.js": {"path":"/home/buddhi/projects/mystore-api/src/routers/items.router.js","statementMap":{"0":{"start":{"line":1,"column":16},"end":{"line":1,"column":34}},"1":{"start":{"line":4,"column":4},"end":{"line":4,"column":62}},"2":{"start":{"line":5,"column":21},"end":{"line":5,"column":57}},"3":{"start":{"line":6,"column":23},"end":{"line":6,"column":61}},"4":{"start":{"line":7,"column":23},"end":{"line":7,"column":69}},"5":{"start":{"line":8,"column":23},"end":{"line":8,"column":69}},"6":{"start":{"line":9,"column":25},"end":{"line":9,"column":75}},"7":{"start":{"line":11,"column":20},"end":{"line":11,"column":36}},"8":{"start":{"line":12,"column":23},"end":{"line":12,"column":43}},"9":{"start":{"line":13,"column":23},"end":{"line":13,"column":43}},"10":{"start":{"line":14,"column":25},"end":{"line":14,"column":47}},"11":{"start":{"line":17,"column":0},"end":{"line":23,"column":2}},"12":{"start":{"line":25,"column":0},"end":{"line":28,"column":2}},"13":{"start":{"line":31,"column":0},"end":{"line":34,"column":2}},"14":{"start":{"line":39,"column":0},"end":{"line":45,"column":2}},"15":{"start":{"line":47,"column":0},"end":{"line":50,"column":2}},"16":{"start":{"line":54,"column":0},"end":{"line":54,"column":29}}},"fnMap":{},"branchMap":{},"s":{"0":1,"1":1,"2":1,"3":1,"4":1,"5":1,"6":1,"7":1,"8":1,"9":1,"10":1,"11":1,"12":1,"13":1,"14":1,"15":1,"16":1},"f":{},"b":{},"_coverageSchema":"1a1c01bbd47fc00a2c39e90264f33305004495a9","hash":"0507929cbf13f5a8abaee8f43b0800cc6156278a"}
,"/home/buddhi/projects/mystore-api/src/services/auth/auth.service.injection.js": {"path":"/home/buddhi/projects/mystore-api/src/services/auth/auth.service.injection.js","statementMap":{"0":{"start":{"line":1,"column":12},"end":{"line":1,"column":36}},"1":{"start":{"line":2,"column":20},"end":{"line":2,"column":45}},"2":{"start":{"line":3,"column":24},"end":{"line":3,"column":54}},"3":{"start":{"line":5,"column":23},"end":{"line":7,"column":1}},"4":{"start":{"line":6,"column":2},"end":{"line":6,"column":64}},"5":{"start":{"line":9,"column":0},"end":{"line":9,"column":32}}},"fnMap":{"0":{"name":"(anonymous_0)","decl":{"start":{"line":5,"column":23},"end":{"line":5,"column":24}},"loc":{"start":{"line":5,"column":29},"end":{"line":7,"column":1}},"line":5}},"branchMap":{"0":{"loc":{"start":{"line":6,"column":9},"end":{"line":6,"column":63}},"type":"cond-expr","locations":[{"start":{"line":6,"column":22},"end":{"line":6,"column":43}},{"start":{"line":6,"column":46},"end":{"line":6,"column":63}}],"line":6}},"s":{"0":3,"1":3,"2":3,"3":3,"4":17,"5":3},"f":{"0":17},"b":{"0":[17,0]},"_coverageSchema":"1a1c01bbd47fc00a2c39e90264f33305004495a9","hash":"be1a5bd53ff061fc33fd1faf633fdc1558cc3abe"}
,"/home/buddhi/projects/mystore-api/src/services/auth/auth.service.js": {"path":"/home/buddhi/projects/mystore-api/src/services/auth/auth.service.js","statementMap":{"0":{"start":{"line":1,"column":15},"end":{"line":1,"column":32}},"1":{"start":{"line":2,"column":13},"end":{"line":2,"column":47}},"2":{"start":{"line":3,"column":13},"end":{"line":3,"column":47}},"3":{"start":{"line":7,"column":17},"end":{"line":7,"column":48}},"4":{"start":{"line":8,"column":19},"end":{"line":8,"column":62}},"5":{"start":{"line":9,"column":4},"end":{"line":9,"column":65}},"6":{"start":{"line":10,"column":4},"end":{"line":10,"column":16}},"7":{"start":{"line":14,"column":17},"end":{"line":17,"column":32}},"8":{"start":{"line":18,"column":4},"end":{"line":18,"column":16}},"9":{"start":{"line":22,"column":16},"end":{"line":22,"column":75}},"10":{"start":{"line":23,"column":4},"end":{"line":25,"column":7}},"11":{"start":{"line":24,"column":6},"end":{"line":24,"column":23}},"12":{"start":{"line":26,"column":4},"end":{"line":26,"column":17}},"13":{"start":{"line":30,"column":17},"end":{"line":30,"column":67}},"14":{"start":{"line":31,"column":4},"end":{"line":31,"column":16}},"15":{"start":{"line":35,"column":4},"end":{"line":35,"column":48}},"16":{"start":{"line":38,"column":0},"end":{"line":38,"column":29}}},"fnMap":{"0":{"name":"(anonymous_0)","decl":{"start":{"line":6,"column":2},"end":{"line":6,"column":3}},"loc":{"start":{"line":6,"column":31},"end":{"line":11,"column":3}},"line":6},"1":{"name":"(anonymous_1)","decl":{"start":{"line":13,"column":2},"end":{"line":13,"column":3}},"loc":{"start":{"line":13,"column":28},"end":{"line":19,"column":3}},"line":13},"2":{"name":"(anonymous_2)","decl":{"start":{"line":21,"column":2},"end":{"line":21,"column":3}},"loc":{"start":{"line":21,"column":29},"end":{"line":27,"column":3}},"line":21},"3":{"name":"(anonymous_3)","decl":{"start":{"line":23,"column":22},"end":{"line":23,"column":23}},"loc":{"start":{"line":23,"column":32},"end":{"line":25,"column":5}},"line":23},"4":{"name":"(anonymous_4)","decl":{"start":{"line":29,"column":2},"end":{"line":29,"column":3}},"loc":{"start":{"line":29,"column":32},"end":{"line":32,"column":3}},"line":29},"5":{"name":"(anonymous_5)","decl":{"start":{"line":34,"column":2},"end":{"line":34,"column":3}},"loc":{"start":{"line":34,"column":40},"end":{"line":36,"column":3}},"line":34}},"branchMap":{},"s":{"0":3,"1":3,"2":3,"3":0,"4":0,"5":0,"6":0,"7":0,"8":0,"9":0,"10":0,"11":0,"12":0,"13":0,"14":0,"15":0,"16":3},"f":{"0":0,"1":0,"2":0,"3":0,"4":0,"5":0},"b":{},"_coverageSchema":"1a1c01bbd47fc00a2c39e90264f33305004495a9","hash":"8a0f8731e8e2498730f580dde50e6c97c3fd88c4"}
,"/home/buddhi/projects/mystore-api/src/services/auth/fake.auth.service.js": {"path":"/home/buddhi/projects/mystore-api/src/services/auth/fake.auth.service.js","statementMap":{"0":{"start":{"line":2,"column":15},"end":{"line":2,"column":24}},"1":{"start":{"line":3,"column":12},"end":{"line":3,"column":21}},"2":{"start":{"line":4,"column":17},"end":{"line":4,"column":26}},"3":{"start":{"line":5,"column":14},"end":{"line":5,"column":23}},"4":{"start":{"line":6,"column":20},"end":{"line":6,"column":29}},"5":{"start":{"line":9,"column":0},"end":{"line":9,"column":33}}},"fnMap":{},"branchMap":{},"s":{"0":17,"1":17,"2":17,"3":17,"4":17,"5":3},"f":{},"b":{},"_coverageSchema":"1a1c01bbd47fc00a2c39e90264f33305004495a9","hash":"787842f666cbb87a2e3a3f0d9c23e2ea4e472c0b"}
,"/home/buddhi/projects/mystore-api/src/services/category/category.service.injection.js": {"path":"/home/buddhi/projects/mystore-api/src/services/category/category.service.injection.js","statementMap":{"0":{"start":{"line":1,"column":12},"end":{"line":1,"column":36}},"1":{"start":{"line":2,"column":25},"end":{"line":2,"column":54}},"2":{"start":{"line":3,"column":28},"end":{"line":3,"column":62}},"3":{"start":{"line":5,"column":27},"end":{"line":7,"column":1}},"4":{"start":{"line":6,"column":4},"end":{"line":6,"column":75}},"5":{"start":{"line":9,"column":0},"end":{"line":9,"column":36}}},"fnMap":{"0":{"name":"(anonymous_0)","decl":{"start":{"line":5,"column":27},"end":{"line":5,"column":28}},"loc":{"start":{"line":5,"column":33},"end":{"line":7,"column":1}},"line":5}},"branchMap":{"0":{"loc":{"start":{"line":6,"column":11},"end":{"line":6,"column":74}},"type":"cond-expr","locations":[{"start":{"line":6,"column":24},"end":{"line":6,"column":49}},{"start":{"line":6,"column":52},"end":{"line":6,"column":74}}],"line":6}},"s":{"0":1,"1":1,"2":1,"3":1,"4":1,"5":1},"f":{"0":1},"b":{"0":[1,0]},"_coverageSchema":"1a1c01bbd47fc00a2c39e90264f33305004495a9","hash":"a3c83a825a95ebc0664a4711d353ae8db243bced"}
,"/home/buddhi/projects/mystore-api/src/services/category/category.service.js": {"path":"/home/buddhi/projects/mystore-api/src/services/category/category.service.js","statementMap":{"0":{"start":{"line":1,"column":17},"end":{"line":1,"column":55}},"1":{"start":{"line":5,"column":21},"end":{"line":5,"column":56}},"2":{"start":{"line":6,"column":4},"end":{"line":6,"column":20}},"3":{"start":{"line":10,"column":21},"end":{"line":10,"column":66}},"4":{"start":{"line":11,"column":4},"end":{"line":11,"column":38}},"5":{"start":{"line":11,"column":26},"end":{"line":11,"column":38}},"6":{"start":{"line":12,"column":4},"end":{"line":12,"column":20}},"7":{"start":{"line":16,"column":4},"end":{"line":16,"column":34}},"8":{"start":{"line":20,"column":21},"end":{"line":20,"column":75}},"9":{"start":{"line":21,"column":4},"end":{"line":21,"column":20}},"10":{"start":{"line":25,"column":4},"end":{"line":25,"column":49}},"11":{"start":{"line":29,"column":0},"end":{"line":29,"column":33}}},"fnMap":{"0":{"name":"(anonymous_0)","decl":{"start":{"line":4,"column":2},"end":{"line":4,"column":3}},"loc":{"start":{"line":4,"column":29},"end":{"line":7,"column":3}},"line":4},"1":{"name":"(anonymous_1)","decl":{"start":{"line":9,"column":2},"end":{"line":9,"column":3}},"loc":{"start":{"line":9,"column":32},"end":{"line":13,"column":3}},"line":9},"2":{"name":"(anonymous_2)","decl":{"start":{"line":15,"column":2},"end":{"line":15,"column":3}},"loc":{"start":{"line":15,"column":27},"end":{"line":17,"column":3}},"line":15},"3":{"name":"(anonymous_3)","decl":{"start":{"line":19,"column":2},"end":{"line":19,"column":3}},"loc":{"start":{"line":19,"column":36},"end":{"line":22,"column":3}},"line":19},"4":{"name":"(anonymous_4)","decl":{"start":{"line":24,"column":2},"end":{"line":24,"column":3}},"loc":{"start":{"line":24,"column":31},"end":{"line":26,"column":3}},"line":24}},"branchMap":{"0":{"loc":{"start":{"line":11,"column":4},"end":{"line":11,"column":38}},"type":"if","locations":[{"start":{"line":11,"column":4},"end":{"line":11,"column":38}},{"start":{},"end":{}}],"line":11}},"s":{"0":1,"1":0,"2":0,"3":0,"4":0,"5":0,"6":0,"7":0,"8":0,"9":0,"10":0,"11":1},"f":{"0":0,"1":0,"2":0,"3":0,"4":0},"b":{"0":[0,0]},"_coverageSchema":"1a1c01bbd47fc00a2c39e90264f33305004495a9","hash":"c776694b8a0ee92634ce4a913b9118926e5c4268"}
,"/home/buddhi/projects/mystore-api/src/services/category/fake.category.service.js": {"path":"/home/buddhi/projects/mystore-api/src/services/category/fake.category.service.js","statementMap":{"0":{"start":{"line":2,"column":21},"end":{"line":2,"column":30}},"1":{"start":{"line":3,"column":23},"end":{"line":3,"column":32}},"2":{"start":{"line":4,"column":20},"end":{"line":4,"column":29}},"3":{"start":{"line":5,"column":21},"end":{"line":5,"column":30}},"4":{"start":{"line":8,"column":0},"end":{"line":8,"column":37}}},"fnMap":{},"branchMap":{},"s":{"0":1,"1":1,"2":1,"3":1,"4":1},"f":{},"b":{},"_coverageSchema":"1a1c01bbd47fc00a2c39e90264f33305004495a9","hash":"eb41fb179ebd4d10a8d0d1b335775e1002eab475"}
,"/home/buddhi/projects/mystore-api/src/services/item/fake.item.service.js": {"path":"/home/buddhi/projects/mystore-api/src/services/item/fake.item.service.js","statementMap":{"0":{"start":{"line":2,"column":14},"end":{"line":2,"column":23}},"1":{"start":{"line":3,"column":17},"end":{"line":3,"column":26}},"2":{"start":{"line":4,"column":18},"end":{"line":4,"column":27}},"3":{"start":{"line":5,"column":18},"end":{"line":5,"column":27}},"4":{"start":{"line":8,"column":0},"end":{"line":8,"column":33}}},"fnMap":{},"branchMap":{},"s":{"0":3,"1":3,"2":3,"3":3,"4":2},"f":{},"b":{},"_coverageSchema":"1a1c01bbd47fc00a2c39e90264f33305004495a9","hash":"208800a83d447a41c6b02607da925cccc25178b7"}
,"/home/buddhi/projects/mystore-api/src/services/item/item.service.injection.js": {"path":"/home/buddhi/projects/mystore-api/src/services/item/item.service.injection.js","statementMap":{"0":{"start":{"line":1,"column":12},"end":{"line":1,"column":36}},"1":{"start":{"line":2,"column":20},"end":{"line":2,"column":45}},"2":{"start":{"line":3,"column":24},"end":{"line":3,"column":54}},"3":{"start":{"line":5,"column":23},"end":{"line":7,"column":1}},"4":{"start":{"line":6,"column":4},"end":{"line":6,"column":65}},"5":{"start":{"line":9,"column":0},"end":{"line":9,"column":32}}},"fnMap":{"0":{"name":"(anonymous_0)","decl":{"start":{"line":5,"column":23},"end":{"line":5,"column":24}},"loc":{"start":{"line":5,"column":29},"end":{"line":7,"column":1}},"line":5}},"branchMap":{"0":{"loc":{"start":{"line":6,"column":11},"end":{"line":6,"column":65}},"type":"cond-expr","locations":[{"start":{"line":6,"column":24},"end":{"line":6,"column":45}},{"start":{"line":6,"column":48},"end":{"line":6,"column":65}}],"line":6}},"s":{"0":2,"1":2,"2":2,"3":2,"4":3,"5":2},"f":{"0":3},"b":{"0":[3,0]},"_coverageSchema":"1a1c01bbd47fc00a2c39e90264f33305004495a9","hash":"3f6d0be2ba535d005c0a1cf40924bcf333017eb0"}
,"/home/buddhi/projects/mystore-api/src/services/item/item.service.js": {"path":"/home/buddhi/projects/mystore-api/src/services/item/item.service.js","statementMap":{"0":{"start":{"line":1,"column":17},"end":{"line":1,"column":55}},"1":{"start":{"line":2,"column":19},"end":{"line":2,"column":60}},"2":{"start":{"line":3,"column":13},"end":{"line":3,"column":47}},"3":{"start":{"line":4,"column":12},"end":{"line":4,"column":45}},"4":{"start":{"line":5,"column":16},"end":{"line":5,"column":53}},"5":{"start":{"line":10,"column":17},"end":{"line":10,"column":66}},"6":{"start":{"line":11,"column":4},"end":{"line":11,"column":16}},"7":{"start":{"line":16,"column":17},"end":{"line":16,"column":90}},"8":{"start":{"line":18,"column":4},"end":{"line":39,"column":6}},"9":{"start":{"line":20,"column":26},"end":{"line":24,"column":9}},"10":{"start":{"line":25,"column":26},"end":{"line":25,"column":88}},"11":{"start":{"line":27,"column":8},"end":{"line":37,"column":10}},"12":{"start":{"line":29,"column":29},"end":{"line":29,"column":95}},"13":{"start":{"line":31,"column":12},"end":{"line":33,"column":13}},"14":{"start":{"line":32,"column":14},"end":{"line":32,"column":77}},"15":{"start":{"line":35,"column":12},"end":{"line":35,"column":129}},"16":{"start":{"line":41,"column":4},"end":{"line":41,"column":132}},"17":{"start":{"line":45,"column":4},"end":{"line":45,"column":98}},"18":{"start":{"line":49,"column":4},"end":{"line":49,"column":127}},"19":{"start":{"line":54,"column":0},"end":{"line":54,"column":29}}},"fnMap":{"0":{"name":"(anonymous_0)","decl":{"start":{"line":9,"column":2},"end":{"line":9,"column":3}},"loc":{"start":{"line":9,"column":28},"end":{"line":12,"column":3}},"line":9},"1":{"name":"(anonymous_1)","decl":{"start":{"line":14,"column":2},"end":{"line":14,"column":3}},"loc":{"start":{"line":14,"column":45},"end":{"line":42,"column":3}},"line":14},"2":{"name":"(anonymous_2)","decl":{"start":{"line":19,"column":15},"end":{"line":19,"column":16}},"loc":{"start":{"line":19,"column":30},"end":{"line":38,"column":7}},"line":19},"3":{"name":"(anonymous_3)","decl":{"start":{"line":28,"column":40},"end":{"line":28,"column":41}},"loc":{"start":{"line":28,"column":56},"end":{"line":36,"column":11}},"line":28},"4":{"name":"(anonymous_4)","decl":{"start":{"line":44,"column":2},"end":{"line":44,"column":3}},"loc":{"start":{"line":44,"column":22},"end":{"line":46,"column":3}},"line":44},"5":{"name":"(anonymous_5)","decl":{"start":{"line":48,"column":2},"end":{"line":48,"column":3}},"loc":{"start":{"line":48,"column":24},"end":{"line":50,"column":3}},"line":48}},"branchMap":{"0":{"loc":{"start":{"line":31,"column":12},"end":{"line":33,"column":13}},"type":"if","locations":[{"start":{"line":31,"column":12},"end":{"line":33,"column":13}},{"start":{},"end":{}}],"line":31}},"s":{"0":2,"1":2,"2":2,"3":2,"4":2,"5":0,"6":0,"7":0,"8":0,"9":0,"10":0,"11":0,"12":0,"13":0,"14":0,"15":0,"16":0,"17":0,"18":0,"19":2},"f":{"0":0,"1":0,"2":0,"3":0,"4":0,"5":0},"b":{"0":[0,0]},"_coverageSchema":"1a1c01bbd47fc00a2c39e90264f33305004495a9","hash":"b635c3e74f6a39dd79a4723fef4b5b798885dbdf"}
,"/home/buddhi/projects/mystore-api/src/services/review/fake.review.service.js": {"path":"/home/buddhi/projects/mystore-api/src/services/review/fake.review.service.js","statementMap":{"0":{"start":{"line":2,"column":17},"end":{"line":2,"column":26}},"1":{"start":{"line":3,"column":20},"end":{"line":3,"column":29}},"2":{"start":{"line":6,"column":0},"end":{"line":6,"column":35}}},"fnMap":{},"branchMap":{},"s":{"0":2,"1":2,"2":2},"f":{},"b":{},"_coverageSchema":"1a1c01bbd47fc00a2c39e90264f33305004495a9","hash":"73f696f02cc413f4bc3ed427281c612790a67c3e"}
,"/home/buddhi/projects/mystore-api/src/services/review/review.service.injection.js": {"path":"/home/buddhi/projects/mystore-api/src/services/review/review.service.injection.js","statementMap":{"0":{"start":{"line":1,"column":12},"end":{"line":1,"column":36}},"1":{"start":{"line":2,"column":26},"end":{"line":2,"column":58}},"2":{"start":{"line":3,"column":22},"end":{"line":3,"column":49}},"3":{"start":{"line":5,"column":25},"end":{"line":7,"column":1}},"4":{"start":{"line":6,"column":4},"end":{"line":6,"column":70}},"5":{"start":{"line":9,"column":0},"end":{"line":9,"column":34}}},"fnMap":{"0":{"name":"(anonymous_0)","decl":{"start":{"line":5,"column":25},"end":{"line":5,"column":26}},"loc":{"start":{"line":5,"column":31},"end":{"line":7,"column":1}},"line":5}},"branchMap":{"0":{"loc":{"start":{"line":6,"column":11},"end":{"line":6,"column":69}},"type":"cond-expr","locations":[{"start":{"line":6,"column":24},"end":{"line":6,"column":47}},{"start":{"line":6,"column":50},"end":{"line":6,"column":69}}],"line":6}},"s":{"0":2,"1":2,"2":2,"3":2,"4":2,"5":2},"f":{"0":2},"b":{"0":[2,0]},"_coverageSchema":"1a1c01bbd47fc00a2c39e90264f33305004495a9","hash":"9a2018ea2bde3dd89cd27d1d446aba19a55d6255"}
,"/home/buddhi/projects/mystore-api/src/services/review/review.service.js": {"path":"/home/buddhi/projects/mystore-api/src/services/review/review.service.js","statementMap":{"0":{"start":{"line":1,"column":13},"end":{"line":1,"column":47}},"1":{"start":{"line":2,"column":15},"end":{"line":2,"column":51}},"2":{"start":{"line":7,"column":4},"end":{"line":7,"column":42}},"3":{"start":{"line":8,"column":4},"end":{"line":12,"column":7}},"4":{"start":{"line":16,"column":4},"end":{"line":20,"column":38}},"5":{"start":{"line":25,"column":0},"end":{"line":25,"column":31}}},"fnMap":{"0":{"name":"(anonymous_0)","decl":{"start":{"line":6,"column":2},"end":{"line":6,"column":3}},"loc":{"start":{"line":6,"column":41},"end":{"line":13,"column":3}},"line":6},"1":{"name":"(anonymous_1)","decl":{"start":{"line":15,"column":2},"end":{"line":15,"column":3}},"loc":{"start":{"line":15,"column":30},"end":{"line":21,"column":3}},"line":15}},"branchMap":{},"s":{"0":2,"1":2,"2":0,"3":0,"4":0,"5":2},"f":{"0":0,"1":0},"b":{},"_coverageSchema":"1a1c01bbd47fc00a2c39e90264f33305004495a9","hash":"a862c9fb98c154339a4ee169972917e4d23b9b46"}
,"/home/buddhi/projects/mystore-api/src/validation/caregory.schema.js": {"path":"/home/buddhi/projects/mystore-api/src/validation/caregory.schema.js","statementMap":{"0":{"start":{"line":1,"column":12},"end":{"line":1,"column":26}},"1":{"start":{"line":3,"column":15},"end":{"line":14,"column":1}},"2":{"start":{"line":16,"column":0},"end":{"line":16,"column":24}}},"fnMap":{},"branchMap":{},"s":{"0":1,"1":1,"2":1},"f":{},"b":{},"_coverageSchema":"1a1c01bbd47fc00a2c39e90264f33305004495a9","hash":"58688b9bf15f57e015d7773d8cfae7ca02af73b9"}
,"/home/buddhi/projects/mystore-api/src/validation/item.schema.js": {"path":"/home/buddhi/projects/mystore-api/src/validation/item.schema.js","statementMap":{"0":{"start":{"line":1,"column":12},"end":{"line":1,"column":26}},"1":{"start":{"line":3,"column":15},"end":{"line":16,"column":1}},"2":{"start":{"line":18,"column":0},"end":{"line":18,"column":24}}},"fnMap":{},"branchMap":{},"s":{"0":1,"1":1,"2":1},"f":{},"b":{},"_coverageSchema":"1a1c01bbd47fc00a2c39e90264f33305004495a9","hash":"3863b6987954c159877d11c4009b25ff5ba62f8a"}
,"/home/buddhi/projects/mystore-api/src/validation/review.schema.js": {"path":"/home/buddhi/projects/mystore-api/src/validation/review.schema.js","statementMap":{"0":{"start":{"line":1,"column":19},"end":{"line":1,"column":33}},"1":{"start":{"line":2,"column":12},"end":{"line":2,"column":26}},"2":{"start":{"line":4,"column":15},"end":{"line":9,"column":1}},"3":{"start":{"line":11,"column":0},"end":{"line":11,"column":24}}},"fnMap":{},"branchMap":{},"s":{"0":1,"1":1,"2":1,"3":1},"f":{},"b":{},"_coverageSchema":"1a1c01bbd47fc00a2c39e90264f33305004495a9","hash":"b92708f43a496fdbfc40a2495025502f33351d23"}
,"/home/buddhi/projects/mystore-api/src/validation/user.schema.js": {"path":"/home/buddhi/projects/mystore-api/src/validation/user.schema.js","statementMap":{"0":{"start":{"line":1,"column":12},"end":{"line":1,"column":26}},"1":{"start":{"line":3,"column":15},"end":{"line":22,"column":1}},"2":{"start":{"line":24,"column":0},"end":{"line":24,"column":24}}},"fnMap":{},"branchMap":{},"s":{"0":1,"1":1,"2":1},"f":{},"b":{},"_coverageSchema":"1a1c01bbd47fc00a2c39e90264f33305004495a9","hash":"f2c2d3c0bb4292b33c9e64a0b454144179972cc5"}
}
